<?xml version="1.0" encoding="utf-8"?><testsuites name="pytest tests"><testsuite name="pytest" errors="0" failures="0" skipped="0" tests="0" time="46.427" timestamp="2025-09-09T23:34:14.398257+08:00" hostname="DESKTOP-FDB8GR9"><testcase time="0.394" /></testsuite></testsuites>