<?xml version="1.0" encoding="utf-8"?><testsuites name="pytest tests"><testsuite name="pytest" errors="0" failures="0" skipped="0" tests="0" time="34.405" timestamp="2025-09-10T10:16:58.437501+08:00" hostname="DESKTOP-FDB8GR9"><testcase time="0.406" /></testsuite></testsuites>