<?xml version="1.0" encoding="utf-8"?><testsuites name="pytest tests"><testsuite name="pytest" errors="0" failures="0" skipped="0" tests="0" time="29.418" timestamp="2025-09-09T23:23:26.889631+08:00" hostname="DESKTOP-FDB8GR9" /></testsuites>