<?xml version="1.0" encoding="utf-8"?><testsuites name="pytest tests"><testsuite name="pytest" errors="0" failures="0" skipped="0" tests="0" time="25.108" timestamp="2025-09-05T13:47:46.131331+08:00" hostname="DESKTOP-FDB8GR9" /></testsuites>